#-----------------------------------------------------------
# PlanAhead v14.7 (64-bit)
# Build 321239 by xbuild on Fri Sep 27 19:29:51 MDT 2013
# Start of session at: Wed Oct 07 23:56:02 2015
# Process ID: 71100
# Log file: D:/GIT/FOS/Lib/RISCV/CORE/BEAN/src/planAhead_run_1/planAhead.log
# Journal file: D:/GIT/FOS/Lib/RISCV/CORE/BEAN/src/planAhead_run_1/planAhead.jou
#-----------------------------------------------------------
INFO: [Common 17-78] Attempting to get a license: PlanAhead
INFO: [Common 17-290] Got license for PlanAhead
INFO: [Device 21-36] Loading parts and site information from C:/Xilinx/14.7/ISE_DS/PlanAhead/data/parts/arch.xml
Parsing RTL primitives file [C:/Xilinx/14.7/ISE_DS/PlanAhead/data/parts/xilinx/rtl/prims/rtl_prims.xml]
Finished parsing RTL primitives file [C:/Xilinx/14.7/ISE_DS/PlanAhead/data/parts/xilinx/rtl/prims/rtl_prims.xml]
start_gui
source D:/GIT/FOS/Lib/RISCV/CORE/BEAN/src/pa.fromNcd.tcl
# create_project -name BEAN -dir "D:/GIT/FOS/Lib/RISCV/CORE/BEAN/src/planAhead_run_1" -part xc6slx16csg324-3
# set srcset [get_property srcset [current_run -impl]]
# set_property design_mode GateLvl $srcset
# set_property edif_top_file "D:/GIT/FOS/Lib/RISCV/CORE/BEAN/src/ALU.ngc" [ get_property srcset [ current_run ] ]
# add_files -norecurse { {D:/GIT/FOS/Lib/RISCV/CORE/BEAN/src} {ipcore_dir} }
# set_property target_constrs_file "ALU.ucf" [current_fileset -constrset]
Adding file 'D:/GIT/FOS/Lib/RISCV/CORE/BEAN/src/ALU.ucf' to fileset 'constrs_1'
# add_files [list {ALU.ucf}] -fileset [get_property constrset [current_run]]
# link_design
Design is defaulting to srcset: sources_1
Design is defaulting to constrset: constrs_1
Design is defaulting to project part: xc6slx16csg324-3
Release 14.7 - ngc2edif P.20131013 (nt64)
Copyright (c) 1995-2013 Xilinx, Inc.  All rights reserved.
Reading design ALU.ngc ...
WARNING:NetListWriters:298 - No output is written to ALU.xncf, ignored.
Processing design ...
   Preping design's networks ...
   Preping design's macros ...
  finished :Prep
Writing EDIF netlist file ALU.edif ...
ngc2edif: Total memory usage is 84452 kilobytes

Parsing EDIF File [./planAhead_run_1/BEAN.data/cache/ALU_ngc_zx.edif]
Finished Parsing EDIF File [./planAhead_run_1/BEAN.data/cache/ALU_ngc_zx.edif]
INFO: [Netlist 29-17] Analyzing 1 Unisim elements for replacement
INFO: [Netlist 29-28] Unisim Transformation completed in 0 CPU seconds
WARNING: [Netlist 29-43] Netlist 'ALU' is not ideal for floorplanning, since the cellview 'ALU' defined in file 'ALU.ngc' contains large number of primitives.  Please consider enabling hierarchy in synthesis if you want to do floorplanning.
Loading clock regions from C:/Xilinx/14.7/ISE_DS/PlanAhead/data\parts/xilinx/spartan6/spartan6lx/xc6slx16/ClockRegion.xml
Loading clock buffers from C:/Xilinx/14.7/ISE_DS/PlanAhead/data\parts/xilinx/spartan6/spartan6lx/xc6slx16/ClockBuffers.xml
Loading package pin functions from C:/Xilinx/14.7/ISE_DS/PlanAhead/data\parts/xilinx/spartan6/PinFunctions.xml...
Loading package from C:/Xilinx/14.7/ISE_DS/PlanAhead/data\parts/xilinx/spartan6/spartan6lx/xc6slx16/csg324/Package.xml
Loading io standards from C:/Xilinx/14.7/ISE_DS/PlanAhead/data\./parts/xilinx/spartan6/IOStandards.xml
Loading device configuration modes from C:/Xilinx/14.7/ISE_DS/PlanAhead/data\parts/xilinx/spartan6/ConfigModes.xml
Loading list of drcs for the architecture : C:/Xilinx/14.7/ISE_DS/PlanAhead/data\./parts/xilinx/spartan6/drc.xml
Parsing UCF File [D:/GIT/FOS/Lib/RISCV/CORE/BEAN/src/ALU.ucf]
Finished Parsing UCF File [D:/GIT/FOS/Lib/RISCV/CORE/BEAN/src/ALU.ucf]
INFO: [Project 1-111] Unisim Transformation Summary:
  A total of 1 instances were transformed.
  BUFGP => BUFGP (IBUF, BUFG): 1 instances

Phase 0 | Netlist Checksum: 7d58914e
link_design: Time (s): elapsed = 00:00:13 . Memory (MB): peak = 798.660 ; gain = 178.063
# read_xdl -file "D:/GIT/FOS/Lib/RISCV/CORE/BEAN/src/ALU.ncd"
Release 14.7 - xdl P.20131013 (nt64)
Copyright (c) 1995-2013 Xilinx, Inc.  All rights reserved.

WARNING:XDL:213 - The resulting xdl output will not have LUT equation strings or RAM INIT strings.
Loading device for application Rf_Device from file '6slx16.nph' in environment C:\Xilinx\14.7\ISE_DS\ISE\.
   "ALU" is an NCD, version 3.2, device xc6slx16, package csg324, speed -3
Successfully converted design 'D:\GIT\FOS\Lib\RISCV\CORE\BEAN\src\ALU.ncd' to 'D:\GIT\FOS\Lib\RISCV\CORE\BEAN\src\ALU.xdl'.
INFO: [Designutils 20-669] Parsing Placement File : D:/GIT/FOS/Lib/RISCV/CORE/BEAN/src/ALU.ncd
INFO: [Designutils 20-658] Finished Parsing Placement File : D:/GIT/FOS/Lib/RISCV/CORE/BEAN/src/ALU.ncd
INFO: [Designutils 20-671] Placed 1571 instances
read_xdl: Time (s): elapsed = 00:00:09 . Memory (MB): peak = 803.012 ; gain = 4.352
# if {[catch {read_twx -name results_1 -file "D:/GIT/FOS/Lib/RISCV/CORE/BEAN/src/ALU.twx"} eInfo]} {
#    puts "WARNING: there was a problem importing \"D:/GIT/FOS/Lib/RISCV/CORE/BEAN/src/ALU.twx\": $eInfo"
# }
exit
ERROR: [PlanAhead 12-106] *** Exception: ui.h.b: Found deleted key in HTclEventBroker. Verify if the classes listed here call cleanup()
HTclEvent: DEBUG_CORE_CONFIG_CHANGE   Classes: ui.views.aR 
HTclEvent: SIGNAL_MODIFY   Classes: ui.views.aR 
HTclEvent: DEBUG_PORT_CONFIG_CHANGE   Classes: ui.views.aR 
HTclEvent: SIGNAL_BUS_MODIFY   Classes: ui.views.aR 
 (See D:/GIT/FOS/Lib/RISCV/CORE/BEAN/src\planAhead_pid71100.debug)
ERROR: [Common 17-39] 'stop_gui' failed due to earlier errors.
INFO: [Common 17-206] Exiting PlanAhead at Thu Oct 08 00:02:09 2015...
INFO: [Common 17-83] Releasing license: PlanAhead
