Release 14.7 - ngc2edif P.20131013 (nt64)
Copyright (c) 1995-2013 Xilinx, Inc.  All rights reserved.
Reading design ALU.ngc ...
WARNING:NetListWriters:298 - No output is written to ALU.xncf, ignored.
Processing design ...
   Preping design's networks ...
   Preping design's macros ...
  finished :Prep
Writing EDIF netlist file ALU.edif ...
ngc2edif: Total memory usage is 84452 kilobytes

Release 14.7 - ngc2edif P.20131013 (nt64)
Copyright (c) 1995-2013 Xilinx, Inc.  All rights reserved.
Reading design ALU.ngc ...
WARNING:NetListWriters:298 - No output is written to ALU.xncf, ignored.
Processing design ...
   Preping design's networks ...
   Preping design's macros ...
  finished :Prep
Writing EDIF netlist file ALU.edif ...
ngc2edif: Total memory usage is 84836 kilobytes

